<?xml version="1.0" encoding="UTF-8"?>
<testng-results skipped="0" failed="0" ignored="0" total="2" passed="2">
  <reporter-output>
    <line>
      <![CDATA['English' Product Search in 'Music' Category Test is Successfull..]]>
    </line>
    <line>
      <![CDATA['Selenium' Product Search in 'Books' Category Test is Successfull..]]>
    </line>
  </reporter-output>
  <suite name="Default suite" duration-ms="141163" started-at="2020-05-06T19:39:15 IST" finished-at="2020-05-06T19:41:36 IST">
    <groups>
    </groups>
    <test name="Default test" duration-ms="141163" started-at="2020-05-06T19:39:15 IST" finished-at="2020-05-06T19:41:36 IST">
      <class name="dataDrivenFrameworkDemos.DDFUsingDB">
        <test-method status="PASS" signature="Search(java.lang.String, java.lang.String)[pri:0, instance:dataDrivenFrameworkDemos.DDFUsingDB@2f943d71]" name="Search" duration-ms="78758" started-at="2020-05-06T19:39:23 IST" data-provider="ebayData" finished-at="2020-05-06T19:40:42 IST">
          <params>
            <param index="0">
              <value>
                <![CDATA[Music]]>
              </value>
            </param>
            <param index="1">
              <value>
                <![CDATA[English]]>
              </value>
            </param>
          </params>
          <reporter-output>
            <line>
              <![CDATA['English' Product Search in 'Music' Category Test is Successfull..]]>
            </line>
          </reporter-output>
        </test-method> <!-- Search -->
        <test-method status="PASS" signature="Search(java.lang.String, java.lang.String)[pri:0, instance:dataDrivenFrameworkDemos.DDFUsingDB@2f943d71]" name="Search" duration-ms="54045" started-at="2020-05-06T19:40:42 IST" data-provider="ebayData" finished-at="2020-05-06T19:41:36 IST">
          <params>
            <param index="0">
              <value>
                <![CDATA[Books]]>
              </value>
            </param>
            <param index="1">
              <value>
                <![CDATA[Selenium]]>
              </value>
            </param>
          </params>
          <reporter-output>
            <line>
              <![CDATA['Selenium' Product Search in 'Books' Category Test is Successfull..]]>
            </line>
          </reporter-output>
        </test-method> <!-- Search -->
      </class> <!-- dataDrivenFrameworkDemos.DDFUsingDB -->
    </test> <!-- Default test -->
  </suite> <!-- Default suite -->
</testng-results>
